2025-07-28 11:15:14,713 - INFO - Loaded dataset with 240 observations
2025-07-28 11:15:14,713 - INFO - Initialized Undismal Protocol for Trade Network Evaluation
2025-07-28 11:15:14,714 - INFO - Primary loss: rmse
2025-07-28 11:15:14,714 - INFO - Forecast horizon: 1 year(s)
2025-07-28 11:15:14,714 - INFO - Running full Undismal Protocol evaluation...
2025-07-28 11:15:14,714 - INFO - Task Completion: 20% | Time Remaining: 2-2.5 hours
2025-07-28 11:15:14,714 - INFO - Running systematic ablation study...
2025-07-28 11:15:14,714 - INFO - Implementing vintage controls...
2025-07-28 11:15:14,729 - INFO - Vintage controls implemented
2025-07-28 11:15:14,730 - INFO - Creating sparse baseline features...
2025-07-28 11:15:14,736 - INFO - Baseline features created. Shape: (240, 47)
2025-07-28 11:15:14,736 - INFO - Setting up blocked cross-validation...
2025-07-28 11:15:14,753 - INFO - Created 11 CV splits
2025-07-28 11:15:14,753 - INFO - Running ablation: 1_baseline
2025-07-28 11:15:14,756 - INFO -   Testing ElasticNet...
2025-07-28 11:15:14,805 - INFO -     RMSE: 2.303 ± 0.933
2025-07-28 11:15:14,805 - INFO -   Testing RandomForest...
2025-07-28 11:15:15,924 - INFO -     RMSE: 2.254 ± 0.794
2025-07-28 11:15:15,924 - INFO -   Testing XGBoost...
2025-07-28 11:15:28,224 - INFO -     RMSE: 2.478 ± 0.829
2025-07-28 11:15:28,224 - INFO -   Testing LightGBM...
2025-07-28 11:15:30,787 - INFO -     RMSE: 2.375 ± 0.671
2025-07-28 11:15:30,787 - INFO - Running ablation: 2_openness
2025-07-28 11:15:30,790 - INFO -   Testing ElasticNet...
2025-07-28 11:15:30,835 - INFO -     RMSE: 2.303 ± 0.933
2025-07-28 11:15:30,836 - INFO -   Testing RandomForest...
2025-07-28 11:15:32,027 - INFO -     RMSE: 2.208 ± 0.823
2025-07-28 11:15:32,027 - INFO -   Testing XGBoost...
2025-07-28 11:15:44,944 - INFO -     RMSE: 2.395 ± 0.770
2025-07-28 11:15:44,944 - INFO -   Testing LightGBM...
2025-07-28 11:15:49,613 - INFO -     RMSE: 2.324 ± 0.705
2025-07-28 11:15:49,614 - INFO - Running ablation: 3_strength
2025-07-28 11:15:49,618 - INFO -   Testing ElasticNet...
2025-07-28 11:15:49,685 - INFO -     RMSE: 2.303 ± 0.933
2025-07-28 11:15:49,685 - INFO -   Testing RandomForest...
2025-07-28 11:15:50,940 - INFO -     RMSE: 2.185 ± 0.797
2025-07-28 11:15:50,940 - INFO -   Testing XGBoost...
2025-07-28 11:15:57,869 - INFO -     RMSE: 2.437 ± 0.644
2025-07-28 11:15:57,869 - INFO -   Testing LightGBM...
2025-07-28 11:15:59,735 - INFO -     RMSE: 2.384 ± 0.647
2025-07-28 11:15:59,735 - INFO - Running ablation: 4_topology
2025-07-28 11:15:59,742 - INFO -   Testing ElasticNet...
2025-07-28 11:15:59,790 - INFO -     RMSE: 2.303 ± 0.933
2025-07-28 11:15:59,790 - INFO -   Testing RandomForest...
2025-07-28 11:16:01,444 - INFO -     RMSE: 2.184 ± 0.802
2025-07-28 11:16:01,444 - INFO -   Testing XGBoost...
2025-07-28 11:16:16,030 - INFO -     RMSE: 2.467 ± 0.645
2025-07-28 11:16:16,030 - INFO -   Testing LightGBM...
2025-07-28 11:16:16,699 - INFO -     RMSE: 2.421 ± 0.651
2025-07-28 11:16:16,700 - INFO - Task Completion: 60% | Time Remaining: 1-1.5 hours
2025-07-28 11:16:16,700 - INFO - Generating Undismal Protocol evaluation report...
2025-07-28 11:16:16,700 - INFO - Task Completion: 90% | Time Remaining: 10-15 minutes
2025-07-28 11:16:16,700 - INFO - Undismal Protocol evaluation complete!
2025-07-28 11:16:16,701 - INFO - Task Completion: 100% | Evaluation framework ready
2025-07-28 15:17:36,163 - ERROR - Dataset not found. Run the main replication script first.
2025-07-28 15:18:15,839 - INFO - Loaded dataset with 240 observations
2025-07-28 15:18:15,839 - INFO - Initialized Undismal Protocol for Trade Network Evaluation
2025-07-28 15:18:15,839 - INFO - Primary loss: rmse
2025-07-28 15:18:15,840 - INFO - Forecast horizon: 1 year(s)
2025-07-28 15:18:15,840 - INFO - Running full Undismal Protocol evaluation...
2025-07-28 15:18:15,840 - INFO - Task Completion: 20% | Time Remaining: 2-2.5 hours
2025-07-28 15:18:15,840 - INFO - Running systematic ablation study...
2025-07-28 15:18:15,840 - INFO - Implementing vintage controls...
2025-07-28 15:18:15,846 - INFO - Vintage controls implemented
2025-07-28 15:18:15,846 - INFO - Creating sparse baseline features...
2025-07-28 15:18:15,849 - INFO - Baseline features created. Shape: (240, 47)
2025-07-28 15:18:15,850 - INFO - Setting up blocked cross-validation...
2025-07-28 15:18:15,853 - INFO - Created 11 CV splits
2025-07-28 15:18:15,854 - INFO - Running ablation: 1_baseline
2025-07-28 15:18:15,854 - INFO -   Testing ElasticNet...
2025-07-28 15:18:15,866 - INFO -     RMSE: 2.303 ± 0.933
2025-07-28 15:18:15,866 - INFO -   Testing RandomForest...
2025-07-28 15:18:16,146 - INFO -     RMSE: 2.256 ± 0.791
2025-07-28 15:18:16,146 - INFO -   Testing XGBoost...
2025-07-28 15:18:17,292 - INFO -     RMSE: 2.478 ± 0.829
2025-07-28 15:18:17,292 - INFO -   Testing LightGBM...
2025-07-28 15:18:17,848 - INFO -     RMSE: 2.375 ± 0.671
2025-07-28 15:18:17,848 - INFO - Running ablation: 2_openness
2025-07-28 15:18:17,849 - INFO -   Testing ElasticNet...
2025-07-28 15:18:17,860 - INFO -     RMSE: 2.303 ± 0.933
2025-07-28 15:18:17,860 - INFO -   Testing RandomForest...
2025-07-28 15:18:18,165 - INFO -     RMSE: 2.207 ± 0.825
2025-07-28 15:18:18,166 - INFO -   Testing XGBoost...
2025-07-28 15:18:18,738 - INFO -     RMSE: 2.395 ± 0.770
2025-07-28 15:18:18,738 - INFO -   Testing LightGBM...
2025-07-28 15:18:19,115 - INFO -     RMSE: 2.324 ± 0.705
2025-07-28 15:18:19,115 - INFO - Running ablation: 3_strength
2025-07-28 15:18:19,116 - INFO -   Testing ElasticNet...
2025-07-28 15:18:19,125 - INFO -     RMSE: 2.303 ± 0.933
2025-07-28 15:18:19,125 - INFO -   Testing RandomForest...
2025-07-28 15:18:19,454 - INFO -     RMSE: 2.188 ± 0.802
2025-07-28 15:18:19,454 - INFO -   Testing XGBoost...
2025-07-28 15:18:20,346 - INFO -     RMSE: 2.437 ± 0.644
2025-07-28 15:18:20,347 - INFO -   Testing LightGBM...
2025-07-28 15:18:20,723 - INFO -     RMSE: 2.384 ± 0.647
2025-07-28 15:18:20,723 - INFO - Running ablation: 4_topology
2025-07-28 15:18:20,724 - INFO -   Testing ElasticNet...
2025-07-28 15:18:20,735 - INFO -     RMSE: 2.303 ± 0.933
2025-07-28 15:18:20,735 - INFO -   Testing RandomForest...
2025-07-28 15:18:21,072 - INFO -     RMSE: 2.181 ± 0.804
2025-07-28 15:18:21,073 - INFO -   Testing XGBoost...
2025-07-28 15:18:22,032 - INFO -     RMSE: 2.467 ± 0.645
2025-07-28 15:18:22,032 - INFO -   Testing LightGBM...
2025-07-28 15:18:22,540 - INFO -     RMSE: 2.421 ± 0.651
2025-07-28 15:18:22,541 - INFO - Task Completion: 60% | Time Remaining: 1-1.5 hours
2025-07-28 15:18:22,541 - INFO - Generating Undismal Protocol evaluation report...
2025-07-28 15:18:22,541 - INFO - Task Completion: 90% | Time Remaining: 10-15 minutes
2025-07-28 15:18:22,542 - INFO - Undismal Protocol evaluation complete!
2025-07-28 15:18:22,542 - INFO - Task Completion: 100% | Evaluation framework ready
